c:\users\ingpa\downloads\hito_1\hito1\hito1\hito1\x64\debug\hito1.pch
c:\users\ingpa\downloads\hito_1\hito1\hito1\hito1\x64\debug\vc143.pdb
c:\users\ingpa\downloads\hito_1\hito1\hito1\hito1\x64\debug\pch.obj
c:\users\ingpa\downloads\hito_1\hito1\hito1\hito1\x64\debug\policias.obj
c:\users\ingpa\downloads\hito_1\hito1\hito1\hito1\x64\debug\personaje.obj
c:\users\ingpa\downloads\hito_1\hito1\hito1\hito1\x64\debug\mapas.obj
c:\users\ingpa\downloads\hito_1\hito1\hito1\hito1\x64\debug\hito1.obj
c:\users\ingpa\downloads\hito_1\hito1\hito1\hito1\x64\debug\escenarios.obj
c:\users\ingpa\downloads\hito_1\hito1\hito1\hito1\x64\debug\bolsasbasura.obj
c:\users\ingpa\downloads\hito_1\hito1\hito1\hito1\x64\debug\assemblyinfo.obj
c:\users\ingpa\downloads\hito_1\hito1\hito1\hito1\x64\debug\.netframework,version=v4.7.2.assemblyattributes.obj
c:\users\ingpa\downloads\hito_1\hito1\hito1\x64\debug\hito1.exe
c:\users\ingpa\downloads\hito_1\hito1\hito1\x64\debug\hito1.pdb
c:\users\ingpa\downloads\hito_1\hito1\hito1\hito1\x64\debug\app.res
c:\users\ingpa\downloads\hito_1\hito1\hito1\hito1\x64\debug\hito1.tlog\cl.command.1.tlog
c:\users\ingpa\downloads\hito_1\hito1\hito1\hito1\x64\debug\hito1.tlog\cl.items.tlog
c:\users\ingpa\downloads\hito_1\hito1\hito1\hito1\x64\debug\hito1.tlog\cl.read.1.tlog
c:\users\ingpa\downloads\hito_1\hito1\hito1\hito1\x64\debug\hito1.tlog\cl.write.1.tlog
c:\users\ingpa\downloads\hito_1\hito1\hito1\hito1\x64\debug\hito1.tlog\link.command.1.tlog
c:\users\ingpa\downloads\hito_1\hito1\hito1\hito1\x64\debug\hito1.tlog\link.read.1.tlog
c:\users\ingpa\downloads\hito_1\hito1\hito1\hito1\x64\debug\hito1.tlog\link.secondary.1.tlog
c:\users\ingpa\downloads\hito_1\hito1\hito1\hito1\x64\debug\hito1.tlog\link.write.1.tlog
c:\users\ingpa\downloads\hito_1\hito1\hito1\hito1\x64\debug\hito1.tlog\metagen.read.1.tlog
c:\users\ingpa\downloads\hito_1\hito1\hito1\hito1\x64\debug\hito1.tlog\metagen.write.1.tlog
c:\users\ingpa\downloads\hito_1\hito1\hito1\hito1\x64\debug\hito1.tlog\rc.command.1.tlog
c:\users\ingpa\downloads\hito_1\hito1\hito1\hito1\x64\debug\hito1.tlog\rc.read.1.tlog
c:\users\ingpa\downloads\hito_1\hito1\hito1\hito1\x64\debug\hito1.tlog\rc.write.1.tlog
